< Cell 备己>
================
Cell[1] = { 3, 5, 7,  }
Cell[2] = { 1, 2, 4, 6, 8,  }


< Family 备己>
================
Family[1] = { 2, 5, 6, 7, 8, 11, 12, 13, 15, 16, 17, 19, 20,  }
Family[2] = { 1, 3, 4, 9, 10, 14, 18,  }
 }

***** < CPP file俊 火涝瞪 LINGO solution 内爹 何盒 > *****

   // Data file --> 9_ChandrasekharanRajagopalan(1986a)_8x20.cfp

   /*
   int Cell_Solution[][Max_Num_Machines]
   = { { 3, 5, 7,  }, // Cell [1]
       { 1, 2, 4, 6, 8,  }, // Cell[2]
   };

   int Family_Solution[][Max_Num_Parts]
   = { { 2, 5, 6, 7, 8, 11, 12, 13, 15, 16, 17, 19, 20,  }, // Family [1]
       { 1, 3, 4, 9, 10, 14, 18,  }, // Family[2]
   };
   */

   ///////////////////////////////////////////////////////////////////////////////
