< Cell 备己>
================
Cell[1] = { 3, 4, 5,  }
Cell[2] = { 1, 2,  }
Cell[3] = { 6, 7,  }


< Family 备己>
================
Family[1] = { 3, 7, 11,  }
Family[2] = { 1, 2, 6, 9,  }
Family[3] = { 4, 5, 8, 10,  }
 }

***** < CPP file俊 火涝瞪 LINGO solution 内爹 何盒 > *****

   // Data file --> 6_Boctor(1991)_7x11.cfp

   /*
   int Cell_Solution[][Max_Num_Machines]
   = { { 3, 4, 5,  }, // Cell [1]
       { 1, 2,  }, // Cell[2]
       { 6, 7,  }, // Cell[3]
   };

   int Family_Solution[][Max_Num_Parts]
   = { { 3, 7, 11,  }, // Family [1]
       { 1, 2, 6, 9,  }, // Family[2]
       { 4, 5, 8, 10,  }, // Family[3]
   };
   */

   ///////////////////////////////////////////////////////////////////////////////
