< Cell 备己>
================
Cell[1] = { 15, 22, 24,  }
Cell[2] = { 9, 19,  }
Cell[3] = { 14, 20,  }
Cell[4] = { 3, 4, 23,  }
Cell[5] = { 13, 16,  }
Cell[6] = { 2, 11,  }
Cell[7] = { 7, 8, 17,  }
Cell[8] = { 6, 18,  }
Cell[9] = { 1, 10,  }
Cell[10] = { 5, 12, 21,  }


< Family 备己>
================
Family[1] = { 5,  }
Family[2] = { 6, 8, 10, 27, 36, 38, 39,  }
Family[3] = { 2, 7, 11, 16, 25, 34, 40,  }
Family[4] = { 12, 21, 24,  }
Family[5] = { 1, 14, 15, 29, 32, 37,  }
Family[6] = { 17, 22, 28, 30, 33,  }
Family[7] = { 31,  }
Family[8] = { 18, 23, 26,  }
Family[9] = { 3, 4, 9, 13, 19, 35,  }
Family[10] = { 20,  }
 }

***** < CPP file俊 火涝瞪 LINGO solution 内爹 何盒 > *****

   // Data file --> 26_ChandrasekhaRajagopalan(1989)_24x40_(6).cfp

   /*
   int Cell_Solution[][Max_Num_Machines]
   = { { 15, 22, 24,  }, // Cell [1]
       { 9, 19,  }, // Cell[2]
       { 14, 20,  }, // Cell[3]
       { 3, 4, 23,  }, // Cell[4]
       { 13, 16,  }, // Cell[5]
       { 2, 11,  }, // Cell[6]
       { 7, 8, 17,  }, // Cell[7]
       { 6, 18,  }, // Cell[8]
       { 1, 10,  }, // Cell[9]
       { 5, 12, 21,  }, // Cell[10]
   };

   int Family_Solution[][Max_Num_Parts]
   = { { 5,  }, // Family [1]
       { 6, 8, 10, 27, 36, 38, 39,  }, // Family[2]
       { 2, 7, 11, 16, 25, 34, 40,  }, // Family[3]
       { 12, 21, 24,  }, // Family[4]
       { 1, 14, 15, 29, 32, 37,  }, // Family[5]
       { 17, 22, 28, 30, 33,  }, // Family[6]
       { 31,  }, // Family[7]
       { 18, 23, 26,  }, // Family[8]
       { 3, 4, 9, 13, 19, 35,  }, // Family[9]
       { 20,  }, // Family[10]
   };
   */

   ///////////////////////////////////////////////////////////////////////////////
