< Cell 备己>
================
Cell[1] = { 7, 10,  }
Cell[2] = { 3, 4, 6, 8, 9,  }
Cell[3] = { 1, 2, 5, 11, 12,  }


< Family 备己>
================
Family[1] = { 2, 3, 4, 5, 6, 11, 12, 13, 14, 15, 17, 18, 19,  }
Family[2] = { 1, 7, 8, 9, 10,  }
Family[3] = { 16,  }
 }

***** < CPP file俊 火涝瞪 LINGO solution 内爹 何盒 > *****

   // Data file --> 38_DeWitte(1980)_12x19.cfp

   /*
   int Cell_Solution[][Max_Num_Machines]
   = { { 7, 10,  }, // Cell [1]
       { 3, 4, 6, 8, 9,  }, // Cell[2]
       { 1, 2, 5, 11, 12,  }, // Cell[3]
   };

   int Family_Solution[][Max_Num_Parts]
   = { { 2, 3, 4, 5, 6, 11, 12, 13, 14, 15, 17, 18, 19,  }, // Family [1]
       { 1, 7, 8, 9, 10,  }, // Family[2]
       { 16,  }, // Family[3]
   };
   */

   ///////////////////////////////////////////////////////////////////////////////
