< Cell 备己>
================
Cell[1] = { 7, 8,  }
Cell[2] = { 3, 4, 5, 6,  }
Cell[3] = { 1, 2,  }


< Family 备己>
================
Family[1] = { 11, 12,  }
Family[2] = { 7, 8, 9,  }
Family[3] = { 1, 2, 3, 4, 5, 6, 10,  }
 }

***** < CPP file俊 火涝瞪 LINGO solution 内爹 何盒 > *****

   // Data file --> 7_SeifoddiniWolfe(1986)_8x12.cfp

   /*
   int Cell_Solution[][Max_Num_Machines]
   = { { 7, 8,  }, // Cell [1]
       { 3, 4, 5, 6,  }, // Cell[2]
       { 1, 2,  }, // Cell[3]
   };

   int Family_Solution[][Max_Num_Parts]
   = { { 11, 12,  }, // Family [1]
       { 7, 8, 9,  }, // Family[2]
       { 1, 2, 3, 4, 5, 6, 10,  }, // Family[3]
   };
   */

   ///////////////////////////////////////////////////////////////////////////////
