< Cell 备己>
================
Cell[1] = { 1, 29,  }
Cell[2] = { 27, 28,  }
Cell[3] = { 2, 26,  }
Cell[4] = { 3, 4,  }
Cell[5] = { 5, 6, 7, 8, 9, 10,  }
Cell[6] = { 11, 12, 13, 14, 15, 16,  }
Cell[7] = { 17, 18, 19, 20, 21, 22,  }
Cell[8] = { 23, 24, 25,  }
Cell[9] = { 30, 31, 32, 33, 34,  }
Cell[10] = { 35, 36, 37, 38, 39, 40,  }


< Family 备己>
================
Family[1] = { 41,  }
Family[2] = { 12,  }
Family[3] = { 1, 2, 3, 4, 5, 6, 7, 8, 13, 14, 15, 16, 17, 18, 19, 20, 21, 22, 23, 24, 25, 26, 27, 28, 29, 30, 31, 32, 33, 34, 35, 37, 42, 43, 44, 45, 46, 47, 48, 49, 50, 51, 52, 53, 54, 55, 56, 57, 58, 59, 60, 61, 62, 63, 64, 65, 66, 67, 68, 69, 70, 71, 72, 73, 74, 75, 76, 77, 78, 79, 80, 81, 82, 83, 84, 85, 86, 87, 88, 89, 90, 91, 92, 93, 94, 95, 96, 97, 98, 99, 100,  }
Family[4] = { 39,  }
Family[5] = { 11,  }
Family[6] = { 9,  }
Family[7] = { 40,  }
Family[8] = { 10,  }
Family[9] = { 36,  }
Family[10] = { 38,  }
 }

***** < CPP file俊 火涝瞪 LINGO solution 内爹 何盒 > *****

   // Data file --> 35_ChandrasekharanRajagopalan(1987)_40x100.cfp

   /*
   int Cell_Solution[][Max_Num_Machines]
   = { { 1, 29,  }, // Cell [1]
       { 27, 28,  }, // Cell[2]
       { 2, 26,  }, // Cell[3]
       { 3, 4,  }, // Cell[4]
       { 5, 6, 7, 8, 9, 10,  }, // Cell[5]
       { 11, 12, 13, 14, 15, 16,  }, // Cell[6]
       { 17, 18, 19, 20, 21, 22,  }, // Cell[7]
       { 23, 24, 25,  }, // Cell[8]
       { 30, 31, 32, 33, 34,  }, // Cell[9]
       { 35, 36, 37, 38, 39, 40,  }, // Cell[10]
   };

   int Family_Solution[][Max_Num_Parts]
   = { { 41,  }, // Family [1]
       { 12,  }, // Family[2]
       { 1, 2, 3, 4, 5, 6, 7, 8, 13, 14, 15, 16, 17, 18, 19, 20, 21, 22, 23, 24, 25, 26, 27, 28, 29, 30, 31, 32, 33, 34, 35, 37, 42, 43, 44, 45, 46, 47, 48, 49, 50, 51, 52, 53, 54, 55, 56, 57, 58, 59, 60, 61, 62, 63, 64, 65, 66, 67, 68, 69, 70, 71, 72, 73, 74, 75, 76, 77, 78, 79, 80, 81, 82, 83, 84, 85, 86, 87, 88, 89, 90, 91, 92, 93, 94, 95, 96, 97, 98, 99, 100,  }, // Family[3]
       { 39,  }, // Family[4]
       { 11,  }, // Family[5]
       { 9,  }, // Family[6]
       { 40,  }, // Family[7]
       { 10,  }, // Family[8]
       { 36,  }, // Family[9]
       { 38,  }, // Family[10]
   };
   */

   ///////////////////////////////////////////////////////////////////////////////
