< Cell 备己>
================
Cell[1] = { 3, 4, 7,  }
Cell[2] = { 2, 6,  }
Cell[3] = { 1, 5,  }


< Family 备己>
================
Family[1] = { 2, 4, 8,  }
Family[2] = { 3, 6,  }
Family[3] = { 1, 5, 7,  }
 }

***** < CPP file俊 火涝瞪 LINGO solution 内爹 何盒 > *****

   // Data file --> 36_ZolfaghariLiang(2002)_7x8.cfp

   /*
   int Cell_Solution[][Max_Num_Machines]
   = { { 3, 4, 7,  }, // Cell [1]
       { 2, 6,  }, // Cell[2]
       { 1, 5,  }, // Cell[3]
   };

   int Family_Solution[][Max_Num_Parts]
   = { { 2, 4, 8,  }, // Family [1]
       { 3, 6,  }, // Family[2]
       { 1, 5, 7,  }, // Family[3]
   };
   */

   ///////////////////////////////////////////////////////////////////////////////
