< Cell 备己>
================
Cell[1] = { 7, 38, 39, 40,  }
Cell[2] = { 2, 4, 14, 15, 16, 17, 19, 23, 32, 35, 42, 50,  }
Cell[3] = { 1, 5, 12, 13, 20, 21, 22, 25, 27, 29, 36, 45,  }
Cell[4] = { 8, 10, 26, 30, 31, 41, 44, 49,  }
Cell[5] = { 3, 24, 37,  }
Cell[6] = { 6, 9, 11, 18, 28, 33, 34, 43, 46, 47, 48,  }


< Family 备己>
================
Family[1] = { 1, 2, 11, 13, 16, 18, 19, 20, 21, 23, 29, 33, 36, 39, 41, 43, 47, 48, 51, 53, 57, 59, 63, 67, 72, 73, 76, 77, 81, 82, 86, 87, 88, 89, 94, 102, 103, 105, 112, 114, 118, 122, 125, 126, 133, 134, 136, 140, 141, 143,  }
Family[2] = { 40, 83, 97,  }
Family[3] = { 4, 5, 7, 14, 30, 35, 74, 98, 104, 110, 121, 129,  }
Family[4] = { 25, 27, 32, 38, 44, 55, 56, 58, 78, 85, 92, 95, 111, 119, 131, 132, 142, 144, 146, 148,  }
Family[5] = { 3, 9, 12, 15, 17, 22, 24, 26, 31, 37, 42, 46, 49, 50, 52, 61, 62, 64, 65, 68, 69, 70, 71, 75, 79, 91, 93, 100, 101, 106, 107, 108, 109, 113, 116, 117, 123, 124, 127, 130, 137, 138, 139, 147, 149, 150,  }
Family[6] = { 6, 8, 10, 28, 34, 45, 54, 60, 66, 80, 84, 90, 96, 99, 115, 120, 128, 135, 145,  }
 }

***** < CPP file俊 火涝瞪 LINGO solution 内爹 何盒 > *****

   // Data file --> 50_NunkaewPhruksaphanrat(2014)_50x150.cfp

   /*
   int Cell_Solution[][Max_Num_Machines]
   = { { 7, 38, 39, 40,  }, // Cell [1]
       { 2, 4, 14, 15, 16, 17, 19, 23, 32, 35, 42, 50,  }, // Cell[2]
       { 1, 5, 12, 13, 20, 21, 22, 25, 27, 29, 36, 45,  }, // Cell[3]
       { 8, 10, 26, 30, 31, 41, 44, 49,  }, // Cell[4]
       { 3, 24, 37,  }, // Cell[5]
       { 6, 9, 11, 18, 28, 33, 34, 43, 46, 47, 48,  }, // Cell[6]
   };

   int Family_Solution[][Max_Num_Parts]
   = { { 1, 2, 11, 13, 16, 18, 19, 20, 21, 23, 29, 33, 36, 39, 41, 43, 47, 48, 51, 53, 57, 59, 63, 67, 72, 73, 76, 77, 81, 82, 86, 87, 88, 89, 94, 102, 103, 105, 112, 114, 118, 122, 125, 126, 133, 134, 136, 140, 141, 143,  }, // Family [1]
       { 40, 83, 97,  }, // Family[2]
       { 4, 5, 7, 14, 30, 35, 74, 98, 104, 110, 121, 129,  }, // Family[3]
       { 25, 27, 32, 38, 44, 55, 56, 58, 78, 85, 92, 95, 111, 119, 131, 132, 142, 144, 146, 148,  }, // Family[4]
       { 3, 9, 12, 15, 17, 22, 24, 26, 31, 37, 42, 46, 49, 50, 52, 61, 62, 64, 65, 68, 69, 70, 71, 75, 79, 91, 93, 100, 101, 106, 107, 108, 109, 113, 116, 117, 123, 124, 127, 130, 137, 138, 139, 147, 149, 150,  }, // Family[5]
       { 6, 8, 10, 28, 34, 45, 54, 60, 66, 80, 84, 90, 96, 99, 115, 120, 128, 135, 145,  }, // Family[6]
   };
   */

   ///////////////////////////////////////////////////////////////////////////////
