< Cell 备己>
================
Cell[1] = { 9, 10, 14, 23, 24,  }
Cell[2] = { 2, 4, 13,  }
Cell[3] = { 5, 11, 12, 15, 19,  }
Cell[4] = { 3, 21,  }
Cell[5] = { 1, 6, 18, 20, 22,  }
Cell[6] = { 7, 16,  }
Cell[7] = { 8, 17,  }


< Family 备己>
================
Family[1] = { 32,  }
Family[2] = { 18, 20, 29, 33, 40,  }
Family[3] = { 28, 35, 36,  }
Family[4] = { 1, 2, 6, 12, 13, 15, 16, 23, 24, 25,  }
Family[5] = { 10,  }
Family[6] = { 3, 4, 5, 7, 8, 9, 17, 19, 21, 26, 34, 37, 38, 39,  }
Family[7] = { 11, 14, 22, 27, 30, 31,  }
 }

***** < CPP file俊 火涝瞪 LINGO solution 内爹 何盒 > *****

   // Data file --> 23_ChandrasekhaRajagopalan(1989)_24x40_(2).cfp

   /*
   int Cell_Solution[][Max_Num_Machines]
   = { { 9, 10, 14, 23, 24,  }, // Cell [1]
       { 2, 4, 13,  }, // Cell[2]
       { 5, 11, 12, 15, 19,  }, // Cell[3]
       { 3, 21,  }, // Cell[4]
       { 1, 6, 18, 20, 22,  }, // Cell[5]
       { 7, 16,  }, // Cell[6]
       { 8, 17,  }, // Cell[7]
   };

   int Family_Solution[][Max_Num_Parts]
   = { { 32,  }, // Family [1]
       { 18, 20, 29, 33, 40,  }, // Family[2]
       { 28, 35, 36,  }, // Family[3]
       { 1, 2, 6, 12, 13, 15, 16, 23, 24, 25,  }, // Family[4]
       { 10,  }, // Family[5]
       { 3, 4, 5, 7, 8, 9, 17, 19, 21, 26, 34, 37, 38, 39,  }, // Family[6]
       { 11, 14, 22, 27, 30, 31,  }, // Family[7]
   };
   */

   ///////////////////////////////////////////////////////////////////////////////
