< Cell 备己>
================
Cell[1] = { 3, 4, 5, 16, 20,  }
Cell[2] = { 6, 10, 11, 13, 18,  }
Cell[3] = { 2, 7, 8, 9, 19,  }
Cell[4] = { 1, 12, 14, 15, 17,  }


< Family 备己>
================
Family[1] = { 3, 5,  }
Family[2] = { 9, 13, 15, 19, 20,  }
Family[3] = { 1, 4, 7, 10, 12, 18,  }
Family[4] = { 2, 6, 8, 11, 14, 16, 17,  }
 }

***** < CPP file俊 火涝瞪 LINGO solution 内爹 何盒 > *****

   // Data file --> 41_ShaferRogers(1993)_Figure_4_20x20.cfp

   /*
   int Cell_Solution[][Max_Num_Machines]
   = { { 3, 4, 5, 16, 20,  }, // Cell [1]
       { 6, 10, 11, 13, 18,  }, // Cell[2]
       { 2, 7, 8, 9, 19,  }, // Cell[3]
       { 1, 12, 14, 15, 17,  }, // Cell[4]
   };

   int Family_Solution[][Max_Num_Parts]
   = { { 3, 5,  }, // Family [1]
       { 9, 13, 15, 19, 20,  }, // Family[2]
       { 1, 4, 7, 10, 12, 18,  }, // Family[3]
       { 2, 6, 8, 11, 14, 16, 17,  }, // Family[4]
   };
   */

   ///////////////////////////////////////////////////////////////////////////////
