< Cell 备己>
================
Cell[1] = { 6, 20,  }
Cell[2] = { 7, 13,  }
Cell[3] = { 1, 12, 18, 21, 24,  }
Cell[4] = { 10, 22,  }
Cell[5] = { 4, 8, 16,  }
Cell[6] = { 2, 5, 11, 19, 23,  }
Cell[7] = { 3, 9, 14, 15, 17,  }


< Family 备己>
================
Family[1] = { 2, 4, 5, 10, 11, 12, 15, 18, 21, 23, 24, 25, 26, 31, 32, 34, 38,  }
Family[2] = { 1, 3, 9, 14, 16, 22, 28, 29, 30, 33, 39,  }
Family[3] = { 37,  }
Family[4] = { 6, 8, 17, 20, 27, 40,  }
Family[5] = { 19,  }
Family[6] = { 13, 35, 36,  }
Family[7] = { 7,  }
 }

***** < CPP file俊 火涝瞪 LINGO solution 内爹 何盒 > *****

   // Data file --> 45_NairNarendran(1996)_Figure_2_24x40.cfp

   /*
   int Cell_Solution[][Max_Num_Machines]
   = { { 6, 20,  }, // Cell [1]
       { 7, 13,  }, // Cell[2]
       { 1, 12, 18, 21, 24,  }, // Cell[3]
       { 10, 22,  }, // Cell[4]
       { 4, 8, 16,  }, // Cell[5]
       { 2, 5, 11, 19, 23,  }, // Cell[6]
       { 3, 9, 14, 15, 17,  }, // Cell[7]
   };

   int Family_Solution[][Max_Num_Parts]
   = { { 2, 4, 5, 10, 11, 12, 15, 18, 21, 23, 24, 25, 26, 31, 32, 34, 38,  }, // Family [1]
       { 1, 3, 9, 14, 16, 22, 28, 29, 30, 33, 39,  }, // Family[2]
       { 37,  }, // Family[3]
       { 6, 8, 17, 20, 27, 40,  }, // Family[4]
       { 19,  }, // Family[5]
       { 13, 35, 36,  }, // Family[6]
       { 7,  }, // Family[7]
   };
   */

   ///////////////////////////////////////////////////////////////////////////////
