< Cell 备己>
================
Cell[1] = { 4, 8, 10, 11, 14, 15, 17, 18, 19, 20, 21, 23, 26, 27, 28, 30, 31,  }
Cell[2] = { 1, 2, 3, 5, 6, 7, 9, 12, 13, 16, 22, 24, 25, 29, 32, 33, 34, 35, 36, 37,  }


< Family 备己>
================
Family[1] = { 1, 2, 3, 4, 5, 6, 7, 8, 9, 10, 11, 12, 13, 14, 15, 16, 17, 19, 20, 21, 22, 23, 24, 25, 26, 27, 28, 29, 30, 31, 32, 33, 34, 35, 36, 37, 38, 39, 40, 41, 42, 43, 44, 45, 46, 47, 48, 49, 50, 51, 52, 53,  }
Family[2] = { 18,  }
 }

***** < CPP file俊 火涝瞪 LINGO solution 内爹 何盒 > *****

   // Data file --> 34_McCormick(1972)_37x53.cfp

   /*
   int Cell_Solution[][Max_Num_Machines]
   = { { 4, 8, 10, 11, 14, 15, 17, 18, 19, 20, 21, 23, 26, 27, 28, 30, 31,  }, // Cell [1]
       { 1, 2, 3, 5, 6, 7, 9, 12, 13, 16, 22, 24, 25, 29, 32, 33, 34, 35, 36, 37,  }, // Cell[2]
   };

   int Family_Solution[][Max_Num_Parts]
   = { { 1, 2, 3, 4, 5, 6, 7, 8, 9, 10, 11, 12, 13, 14, 15, 16, 17, 19, 20, 21, 22, 23, 24, 25, 26, 27, 28, 29, 30, 31, 32, 33, 34, 35, 36, 37, 38, 39, 40, 41, 42, 43, 44, 45, 46, 47, 48, 49, 50, 51, 52, 53,  }, // Family [1]
       { 18,  }, // Family[2]
   };
   */

   ///////////////////////////////////////////////////////////////////////////////
