< Cell 备己>
================
Cell[1] = { 1, 7,  }
Cell[2] = { 2, 10, 14,  }
Cell[3] = { 3, 5, 6, 9, 20,  }
Cell[4] = { 4, 12, 15, 17, 18,  }
Cell[5] = { 8, 11, 13, 16, 19,  }


< Family 备己>
================
Family[1] = { 1, 3, 4, 5, 6, 7, 8, 11, 12, 15, 16, 17, 18, 19, 20, 21, 22, 23, 24, 25, 28, 29, 30, 32, 33, 34, 35,  }
Family[2] = { 2, 10, 26, 27, 31,  }
Family[3] = { 14,  }
Family[4] = { 13,  }
Family[5] = { 9,  }
 }

***** < CPP file俊 火涝瞪 LINGO solution 内爹 何盒 > *****

   // Data file --> 21_BoeCheng(1991)_20x35.cfp

   /*
   int Cell_Solution[][Max_Num_Machines]
   = { { 1, 7,  }, // Cell [1]
       { 2, 10, 14,  }, // Cell[2]
       { 3, 5, 6, 9, 20,  }, // Cell[3]
       { 4, 12, 15, 17, 18,  }, // Cell[4]
       { 8, 11, 13, 16, 19,  }, // Cell[5]
   };

   int Family_Solution[][Max_Num_Parts]
   = { { 1, 3, 4, 5, 6, 7, 8, 11, 12, 15, 16, 17, 18, 19, 20, 21, 22, 23, 24, 25, 28, 29, 30, 32, 33, 34, 35,  }, // Family [1]
       { 2, 10, 26, 27, 31,  }, // Family[2]
       { 14,  }, // Family[3]
       { 13,  }, // Family[4]
       { 9,  }, // Family[5]
   };
   */

   ///////////////////////////////////////////////////////////////////////////////
