< Cell 备己>
================
Cell[1] = { 3, 4, 7, 13,  }
Cell[2] = { 1, 10,  }
Cell[3] = { 5, 8,  }
Cell[4] = { 11, 12,  }
Cell[5] = { 2, 9, 16,  }
Cell[6] = { 6, 14, 15,  }


< Family 备己>
================
Family[1] = { 25,  }
Family[2] = { 12, 39,  }
Family[3] = { 1, 4, 5, 6, 7, 8, 9, 11, 13, 14, 15, 16, 17, 19, 20, 21, 23, 26, 29, 31, 34, 35, 36, 41, 43,  }
Family[4] = { 3, 22, 27, 30, 40,  }
Family[5] = { 2, 10, 18, 28, 32, 37, 38, 42,  }
Family[6] = { 24, 33,  }
 }

***** < CPP file俊 火涝瞪 LINGO solution 内爹 何盒 > *****

   // Data file --> 16_King(1980)_16x43.cfp

   /*
   int Cell_Solution[][Max_Num_Machines]
   = { { 3, 4, 7, 13,  }, // Cell [1]
       { 1, 10,  }, // Cell[2]
       { 5, 8,  }, // Cell[3]
       { 11, 12,  }, // Cell[4]
       { 2, 9, 16,  }, // Cell[5]
       { 6, 14, 15,  }, // Cell[6]
   };

   int Family_Solution[][Max_Num_Parts]
   = { { 25,  }, // Family [1]
       { 12, 39,  }, // Family[2]
       { 1, 4, 5, 6, 7, 8, 9, 11, 13, 14, 15, 16, 17, 19, 20, 21, 23, 26, 29, 31, 34, 35, 36, 41, 43,  }, // Family[3]
       { 3, 22, 27, 30, 40,  }, // Family[4]
       { 2, 10, 18, 28, 32, 37, 38, 42,  }, // Family[5]
       { 24, 33,  }, // Family[6]
   };
   */

   ///////////////////////////////////////////////////////////////////////////////
