< Cell 备己>
================
Cell[1] = { 1, 2,  }
Cell[2] = { 3, 4,  }
Cell[3] = { 5, 6,  }


< Family 备己>
================
Family[1] = { 1, 2, 3,  }
Family[2] = { 4, 5, 6,  }
Family[3] = { 7, 8,  }
 }

***** < CPP file俊 火涝瞪 LINGO solution 内爹 何盒 > *****

   // Data file --> 37_AskinStandridge(1993)_6x8.cfp

   /*
   int Cell_Solution[][Max_Num_Machines]
   = { { 1, 2,  }, // Cell [1]
       { 3, 4,  }, // Cell[2]
       { 5, 6,  }, // Cell[3]
   };

   int Family_Solution[][Max_Num_Parts]
   = { { 1, 2, 3,  }, // Family [1]
       { 4, 5, 6,  }, // Family[2]
       { 7, 8,  }, // Family[3]
   };
   */

   ///////////////////////////////////////////////////////////////////////////////
