< Cell 备己>
================
Cell[1] = { 3, 4, 11,  }
Cell[2] = { 5, 9,  }
Cell[3] = { 14, 29,  }
Cell[4] = { 8, 12,  }
Cell[5] = { 2, 19, 23,  }
Cell[6] = { 7, 17, 25,  }
Cell[7] = { 22, 26, 28,  }
Cell[8] = { 10, 30,  }
Cell[9] = { 1, 21,  }
Cell[10] = { 13, 18, 27,  }
Cell[11] = { 6, 16,  }
Cell[12] = { 15, 20, 24,  }


< Family 备己>
================
Family[1] = { 18,  }
Family[2] = { 1, 2, 3, 5, 6, 9, 17, 20, 28, 37,  }
Family[3] = { 19, 40, 41,  }
Family[4] = { 7, 8, 10, 12, 13, 14, 15, 16, 34,  }
Family[5] = { 29, 35, 38,  }
Family[6] = { 50,  }
Family[7] = { 22, 24, 43, 45,  }
Family[8] = { 4, 11, 25, 39, 42, 44, 46, 47,  }
Family[9] = { 30, 31, 32, 33, 36,  }
Family[10] = { 21, 49,  }
Family[11] = { 23, 26, 27,  }
Family[12] = { 48,  }
 }

***** < CPP file俊 火涝瞪 LINGO solution 内爹 何盒 > *****

   // Data file --> 31_Stanfel(1985)_30x50_(1).cfp

   /*
   int Cell_Solution[][Max_Num_Machines]
   = { { 3, 4, 11,  }, // Cell [1]
       { 5, 9,  }, // Cell[2]
       { 14, 29,  }, // Cell[3]
       { 8, 12,  }, // Cell[4]
       { 2, 19, 23,  }, // Cell[5]
       { 7, 17, 25,  }, // Cell[6]
       { 22, 26, 28,  }, // Cell[7]
       { 10, 30,  }, // Cell[8]
       { 1, 21,  }, // Cell[9]
       { 13, 18, 27,  }, // Cell[10]
       { 6, 16,  }, // Cell[11]
       { 15, 20, 24,  }, // Cell[12]
   };

   int Family_Solution[][Max_Num_Parts]
   = { { 18,  }, // Family [1]
       { 1, 2, 3, 5, 6, 9, 17, 20, 28, 37,  }, // Family[2]
       { 19, 40, 41,  }, // Family[3]
       { 7, 8, 10, 12, 13, 14, 15, 16, 34,  }, // Family[4]
       { 29, 35, 38,  }, // Family[5]
       { 50,  }, // Family[6]
       { 22, 24, 43, 45,  }, // Family[7]
       { 4, 11, 25, 39, 42, 44, 46, 47,  }, // Family[8]
       { 30, 31, 32, 33, 36,  }, // Family[9]
       { 21, 49,  }, // Family[10]
       { 23, 26, 27,  }, // Family[11]
       { 48,  }, // Family[12]
   };
   */

   ///////////////////////////////////////////////////////////////////////////////
