< Cell 备己>
================
Cell[1] = { 6, 12, 13,  }
Cell[2] = { 2, 4, 5, 11, 14, 15, 19,  }
Cell[3] = { 8, 10,  }
Cell[4] = { 9, 16,  }
Cell[5] = { 1, 3, 7, 17, 18, 20,  }


< Family 备己>
================
Family[1] = { 2, 10, 15,  }
Family[2] = { 1,  }
Family[3] = { 3, 4, 6, 8, 9, 12, 13, 16, 17, 22,  }
Family[4] = { 5, 7, 14, 18, 19, 20, 21, 23,  }
Family[5] = { 11,  }
 }

***** < CPP file俊 火涝瞪 LINGO solution 内爹 何盒 > *****

   // Data file --> 19_Kumar(1986)_20x23.cfp

   /*
   int Cell_Solution[][Max_Num_Machines]
   = { { 6, 12, 13,  }, // Cell [1]
       { 2, 4, 5, 11, 14, 15, 19,  }, // Cell[2]
       { 8, 10,  }, // Cell[3]
       { 9, 16,  }, // Cell[4]
       { 1, 3, 7, 17, 18, 20,  }, // Cell[5]
   };

   int Family_Solution[][Max_Num_Parts]
   = { { 2, 10, 15,  }, // Family [1]
       { 1,  }, // Family[2]
       { 3, 4, 6, 8, 9, 12, 13, 16, 17, 22,  }, // Family[3]
       { 5, 7, 14, 18, 19, 20, 21, 23,  }, // Family[4]
       { 11,  }, // Family[5]
   };
   */

   ///////////////////////////////////////////////////////////////////////////////
