< Cell 备己>
================
Cell[1] = { 15, 24,  }
Cell[2] = { 1, 7,  }
Cell[3] = { 16, 20,  }
Cell[4] = { 18, 23,  }
Cell[5] = { 3, 13, 21,  }
Cell[6] = { 11, 22,  }
Cell[7] = { 6, 8, 12,  }
Cell[8] = { 10, 14,  }
Cell[9] = { 2, 4, 19,  }
Cell[10] = { 5, 9, 17,  }


< Family 备己>
================
Family[1] = { 1, 3, 8, 14, 25, 34, 37,  }
Family[2] = { 2, 5, 35,  }
Family[3] = { 10, 15, 16, 19, 23, 39,  }
Family[4] = { 6, 18, 21, 27, 28, 33, 36,  }
Family[5] = { 12, 17,  }
Family[6] = { 29, 30, 40,  }
Family[7] = { 4, 26, 38,  }
Family[8] = { 7, 11, 20, 22, 24,  }
Family[9] = { 9, 13, 32,  }
Family[10] = { 31,  }
 }

***** < CPP file俊 火涝瞪 LINGO solution 内爹 何盒 > *****

   // Data file --> 27_ChandrasekhaRajagopalan(1989)_24x40_(7).cfp

   /*
   int Cell_Solution[][Max_Num_Machines]
   = { { 15, 24,  }, // Cell [1]
       { 1, 7,  }, // Cell[2]
       { 16, 20,  }, // Cell[3]
       { 18, 23,  }, // Cell[4]
       { 3, 13, 21,  }, // Cell[5]
       { 11, 22,  }, // Cell[6]
       { 6, 8, 12,  }, // Cell[7]
       { 10, 14,  }, // Cell[8]
       { 2, 4, 19,  }, // Cell[9]
       { 5, 9, 17,  }, // Cell[10]
   };

   int Family_Solution[][Max_Num_Parts]
   = { { 1, 3, 8, 14, 25, 34, 37,  }, // Family [1]
       { 2, 5, 35,  }, // Family[2]
       { 10, 15, 16, 19, 23, 39,  }, // Family[3]
       { 6, 18, 21, 27, 28, 33, 36,  }, // Family[4]
       { 12, 17,  }, // Family[5]
       { 29, 30, 40,  }, // Family[6]
       { 4, 26, 38,  }, // Family[7]
       { 7, 11, 20, 22, 24,  }, // Family[8]
       { 9, 13, 32,  }, // Family[9]
       { 31,  }, // Family[10]
   };
   */

   ///////////////////////////////////////////////////////////////////////////////
