< Cell 备己>
================
Cell[1] = { 1, 2, 3, 4, 5, 13, 14, 17, 19, 20, 26,  }
Cell[2] = { 7, 22,  }
Cell[3] = { 15, 16,  }
Cell[4] = { 6, 8, 9, 10, 11, 12, 18, 21, 23, 24, 25, 27,  }


< Family 备己>
================
Family[1] = { 4,  }
Family[2] = { 1, 2, 3, 5, 6, 7, 9, 10, 12, 13, 18, 19, 23, 24, 25, 26,  }
Family[3] = { 8, 11, 14, 15, 16, 17, 20, 21, 22,  }
Family[4] = { 27,  }
 }

***** < CPP file俊 火涝瞪 LINGO solution 内爹 何盒 > *****

   // Data file --> 28_McCormick(1972)_27x27.cfp

   /*
   int Cell_Solution[][Max_Num_Machines]
   = { { 1, 2, 3, 4, 5, 13, 14, 17, 19, 20, 26,  }, // Cell [1]
       { 7, 22,  }, // Cell[2]
       { 15, 16,  }, // Cell[3]
       { 6, 8, 9, 10, 11, 12, 18, 21, 23, 24, 25, 27,  }, // Cell[4]
   };

   int Family_Solution[][Max_Num_Parts]
   = { { 4,  }, // Family [1]
       { 1, 2, 3, 5, 6, 7, 9, 10, 12, 13, 18, 19, 23, 24, 25, 26,  }, // Family[2]
       { 8, 11, 14, 15, 16, 17, 20, 21, 22,  }, // Family[3]
       { 27,  }, // Family[4]
   };
   */

   ///////////////////////////////////////////////////////////////////////////////
