< Cell 备己>
================
Cell[1] = { 6, 8,  }
Cell[2] = { 1, 2, 3, 12,  }
Cell[3] = { 4, 5, 7, 9,  }
Cell[4] = { 10, 11, 13, 14,  }


< Family 备己>
================
Family[1] = { 4, 5, 6, 8, 9, 10, 11, 12, 13, 14, 15, 16, 17, 18, 19, 22, 24,  }
Family[2] = { 3, 7,  }
Family[3] = { 1, 2, 20, 23,  }
Family[4] = { 21,  }
 }

***** < CPP file俊 火涝瞪 LINGO solution 内爹 何盒 > *****

   // Data file --> 51_King(1980)_14x24.cfp

   /*
   int Cell_Solution[][Max_Num_Machines]
   = { { 6, 8,  }, // Cell [1]
       { 1, 2, 3, 12,  }, // Cell[2]
       { 4, 5, 7, 9,  }, // Cell[3]
       { 10, 11, 13, 14,  }, // Cell[4]
   };

   int Family_Solution[][Max_Num_Parts]
   = { { 4, 5, 6, 8, 9, 10, 11, 12, 13, 14, 15, 16, 17, 18, 19, 22, 24,  }, // Family [1]
       { 3, 7,  }, // Family[2]
       { 1, 2, 20, 23,  }, // Family[3]
       { 21,  }, // Family[4]
   };
   */

   ///////////////////////////////////////////////////////////////////////////////
< Cell 备己>
================
Cell[1] = { 6, 8,  }
Cell[2] = { 1, 2, 3, 12,  }
Cell[3] = { 4, 5, 7, 9,  }
Cell[4] = { 10, 11, 13, 14,  }


< Family 备己>
================
Family[1] = { 4, 5, 6, 8, 9, 10, 11, 12, 13, 14, 15, 16, 17, 18, 19, 22, 24,  }
Family[2] = { 3, 7,  }
Family[3] = { 1, 2, 20, 23,  }
Family[4] = { 21,  }
 }

***** < CPP file俊 火涝瞪 LINGO solution 内爹 何盒 > *****

   // Data file --> 51_King(1980)_14x24.cfp

   /*
   int Cell_Solution[][Max_Num_Machines]
   = { { 6, 8,  }, // Cell [1]
       { 1, 2, 3, 12,  }, // Cell[2]
       { 4, 5, 7, 9,  }, // Cell[3]
       { 10, 11, 13, 14,  }, // Cell[4]
   };

   int Family_Solution[][Max_Num_Parts]
   = { { 4, 5, 6, 8, 9, 10, 11, 12, 13, 14, 15, 16, 17, 18, 19, 22, 24,  }, // Family [1]
       { 3, 7,  }, // Family[2]
       { 1, 2, 20, 23,  }, // Family[3]
       { 21,  }, // Family[4]
   };
   */

   ///////////////////////////////////////////////////////////////////////////////
