< Cell 备己>
================
Cell[1] = { 9, 15,  }
Cell[2] = { 3, 20,  }
Cell[3] = { 2, 17,  }
Cell[4] = { 6, 7, 8, 12, 16, 18, 19,  }
Cell[5] = { 1, 4, 5, 10, 11, 13, 14,  }


< Family 备己>
================
Family[1] = { 6, 9, 16, 17, 19,  }
Family[2] = { 1, 3, 4, 8, 11, 12, 18,  }
Family[3] = { 2, 5, 7, 10, 15, 20,  }
Family[4] = { 14,  }
Family[5] = { 13,  }
 }

***** < CPP file俊 火涝瞪 LINGO solution 内爹 何盒 > *****

   // Data file --> 18_MosierTaube(1985)_20x20.cfp

   /*
   int Cell_Solution[][Max_Num_Machines]
   = { { 9, 15,  }, // Cell [1]
       { 3, 20,  }, // Cell[2]
       { 2, 17,  }, // Cell[3]
       { 6, 7, 8, 12, 16, 18, 19,  }, // Cell[4]
       { 1, 4, 5, 10, 11, 13, 14,  }, // Cell[5]
   };

   int Family_Solution[][Max_Num_Parts]
   = { { 6, 9, 16, 17, 19,  }, // Family [1]
       { 1, 3, 4, 8, 11, 12, 18,  }, // Family[2]
       { 2, 5, 7, 10, 15, 20,  }, // Family[3]
       { 14,  }, // Family[4]
       { 13,  }, // Family[5]
   };
   */

   ///////////////////////////////////////////////////////////////////////////////
