< Cell 备己>
================
Cell[1] = { 1, 4,  }
Cell[2] = { 2, 3, 5,  }


< Family 备己>
================
Family[1] = { 2, 4, 5, 6,  }
Family[2] = { 1, 3, 7,  }
 }

***** < CPP file俊 火涝瞪 LINGO solution 内爹 何盒 > *****

   // Data file --> 1_KingNakornchai(1982)_5x7.cfp

   /*
   int Cell_Solution[][Max_Num_Machines]
   = { { 1, 4,  }, // Cell [1]
       { 2, 3, 5,  }, // Cell[2]
   };

   int Family_Solution[][Max_Num_Parts]
   = { { 2, 4, 5, 6,  }, // Family [1]
       { 1, 3, 7,  }, // Family[2]
   };
   */

   ///////////////////////////////////////////////////////////////////////////////
