< Cell 备己>
================
Cell[1] = { 5, 6,  }
Cell[2] = { 2, 4, 7, 8,  }
Cell[3] = { 1, 3,  }


< Family 备己>
================
Family[1] = { 1, 5, 10, 12, 15,  }
Family[2] = { 3, 4, 6, 7, 18, 20,  }
Family[3] = { 2, 8, 9, 11, 13, 14, 16, 17, 19,  }
 }

***** < CPP file俊 火涝瞪 LINGO solution 内爹 何盒 > *****

   // Data file --> 8_ChandrasekharanRajagopalan(1986b)_8x20.cfp

   /*
   int Cell_Solution[][Max_Num_Machines]
   = { { 5, 6,  }, // Cell [1]
       { 2, 4, 7, 8,  }, // Cell[2]
       { 1, 3,  }, // Cell[3]
   };

   int Family_Solution[][Max_Num_Parts]
   = { { 1, 5, 10, 12, 15,  }, // Family [1]
       { 3, 4, 6, 7, 18, 20,  }, // Family[2]
       { 2, 8, 9, 11, 13, 14, 16, 17, 19,  }, // Family[3]
   };
   */

   ///////////////////////////////////////////////////////////////////////////////
