< Cell 备己>
================
Cell[1] = { 7, 14, 15, 16, 22,  }
Cell[2] = { 11, 17,  }
Cell[3] = { 12, 18, 19, 24,  }
Cell[4] = { 2, 3,  }
Cell[5] = { 1, 5, 6, 8, 13,  }
Cell[6] = { 20, 23,  }
Cell[7] = { 4, 9, 10, 21,  }


< Family 备己>
================
Family[1] = { 3,  }
Family[2] = { 5, 6, 7, 28, 37, 38,  }
Family[3] = { 32,  }
Family[4] = { 1, 2, 4, 8, 9, 11, 13, 14, 15, 16, 17, 19, 21, 22, 23, 25, 26, 27, 30, 31, 33, 34, 35, 36, 39,  }
Family[5] = { 18,  }
Family[6] = { 10, 12, 24, 29, 40,  }
Family[7] = { 20,  }
 }

***** < CPP file俊 火涝瞪 LINGO solution 内爹 何盒 > *****

   // Data file --> 47_NairNarendran(1996)_Figure_4_24x40.cfp

   /*
   int Cell_Solution[][Max_Num_Machines]
   = { { 7, 14, 15, 16, 22,  }, // Cell [1]
       { 11, 17,  }, // Cell[2]
       { 12, 18, 19, 24,  }, // Cell[3]
       { 2, 3,  }, // Cell[4]
       { 1, 5, 6, 8, 13,  }, // Cell[5]
       { 20, 23,  }, // Cell[6]
       { 4, 9, 10, 21,  }, // Cell[7]
   };

   int Family_Solution[][Max_Num_Parts]
   = { { 3,  }, // Family [1]
       { 5, 6, 7, 28, 37, 38,  }, // Family[2]
       { 32,  }, // Family[3]
       { 1, 2, 4, 8, 9, 11, 13, 14, 15, 16, 17, 19, 21, 22, 23, 25, 26, 27, 30, 31, 33, 34, 35, 36, 39,  }, // Family[4]
       { 18,  }, // Family[5]
       { 10, 12, 24, 29, 40,  }, // Family[6]
       { 20,  }, // Family[7]
   };
   */

   ///////////////////////////////////////////////////////////////////////////////
