< Cell 备己>
================
Cell[1] = { 1, 7,  }
Cell[2] = { 5, 10,  }
Cell[3] = { 2, 4, 8, 11, 12, 14,  }
Cell[4] = { 3, 6, 9, 13, 15, 16,  }


< Family 备己>
================
Family[1] = { 1, 2, 5, 7, 9, 10, 12, 18, 20, 22, 23, 28, 30,  }
Family[2] = { 3, 6, 8, 11, 13, 14, 15, 16, 17, 19, 21, 24, 25, 26, 29,  }
Family[3] = { 4,  }
Family[4] = { 27,  }
 }

***** < CPP file俊 火涝瞪 LINGO solution 内爹 何盒 > *****

   // Data file --> 15_Srinivasan(1990)_16x30.cfp

   /*
   int Cell_Solution[][Max_Num_Machines]
   = { { 1, 7,  }, // Cell [1]
       { 5, 10,  }, // Cell[2]
       { 2, 4, 8, 11, 12, 14,  }, // Cell[3]
       { 3, 6, 9, 13, 15, 16,  }, // Cell[4]
   };

   int Family_Solution[][Max_Num_Parts]
   = { { 1, 2, 5, 7, 9, 10, 12, 18, 20, 22, 23, 28, 30,  }, // Family [1]
       { 3, 6, 8, 11, 13, 14, 15, 16, 17, 19, 21, 24, 25, 26, 29,  }, // Family[2]
       { 4,  }, // Family[3]
       { 27,  }, // Family[4]
   };
   */

   ///////////////////////////////////////////////////////////////////////////////
