< Cell 备己>
================
Cell[1] = { 1, 2, 3, 10, 17,  }
Cell[2] = { 8, 9, 13, 14, 15,  }
Cell[3] = { 7, 12, 16, 18, 19,  }
Cell[4] = { 4, 5, 6, 11, 20,  }


< Family 备己>
================
Family[1] = { 6, 10, 12, 19, 20,  }
Family[2] = { 4, 8, 13, 14, 16,  }
Family[3] = { 9, 11, 17, 18,  }
Family[4] = { 1, 2, 3, 5, 7, 15,  }
 }

***** < CPP file俊 火涝瞪 LINGO solution 内爹 何盒 > *****

   // Data file --> 40_ShaferRogers(1993)_Figure_3_20x20.cfp

   /*
   int Cell_Solution[][Max_Num_Machines]
   = { { 1, 2, 3, 10, 17,  }, // Cell [1]
       { 8, 9, 13, 14, 15,  }, // Cell[2]
       { 7, 12, 16, 18, 19,  }, // Cell[3]
       { 4, 5, 6, 11, 20,  }, // Cell[4]
   };

   int Family_Solution[][Max_Num_Parts]
   = { { 6, 10, 12, 19, 20,  }, // Family [1]
       { 4, 8, 13, 14, 16,  }, // Family[2]
       { 9, 11, 17, 18,  }, // Family[3]
       { 1, 2, 3, 5, 7, 15,  }, // Family[4]
   };
   */

   ///////////////////////////////////////////////////////////////////////////////
