< Cell 备己>
================
Cell[1] = { 5, 24,  }
Cell[2] = { 4, 14,  }
Cell[3] = { 8, 16,  }
Cell[4] = { 9, 17, 20, 26,  }
Cell[5] = { 11, 15,  }
Cell[6] = { 1, 18,  }
Cell[7] = { 2, 10, 27, 28,  }
Cell[8] = { 3, 13,  }
Cell[9] = { 7, 21, 22, 23,  }
Cell[10] = { 12, 19,  }
Cell[11] = { 6, 25,  }


< Family 备己>
================
Family[1] = { 8, 15, 23, 29, 36, 46,  }
Family[2] = { 19, 20, 21, 44,  }
Family[3] = { 12, 18, 26, 37,  }
Family[4] = { 9,  }
Family[5] = { 1, 2, 3, 4, 34, 43, 45,  }
Family[6] = { 11, 24, 25, 32, 39, 42,  }
Family[7] = { 14,  }
Family[8] = { 5, 7, 16, 28, 30, 31, 33, 38, 41,  }
Family[9] = { 13, 22,  }
Family[10] = { 6, 10, 27, 40,  }
Family[11] = { 17, 35,  }
 }

***** < CPP file俊 火涝瞪 LINGO solution 内爹 何盒 > *****

   // Data file --> 29_Carrie(1973)_28x46.cfp

   /*
   int Cell_Solution[][Max_Num_Machines]
   = { { 5, 24,  }, // Cell [1]
       { 4, 14,  }, // Cell[2]
       { 8, 16,  }, // Cell[3]
       { 9, 17, 20, 26,  }, // Cell[4]
       { 11, 15,  }, // Cell[5]
       { 1, 18,  }, // Cell[6]
       { 2, 10, 27, 28,  }, // Cell[7]
       { 3, 13,  }, // Cell[8]
       { 7, 21, 22, 23,  }, // Cell[9]
       { 12, 19,  }, // Cell[10]
       { 6, 25,  }, // Cell[11]
   };

   int Family_Solution[][Max_Num_Parts]
   = { { 8, 15, 23, 29, 36, 46,  }, // Family [1]
       { 19, 20, 21, 44,  }, // Family[2]
       { 12, 18, 26, 37,  }, // Family[3]
       { 9,  }, // Family[4]
       { 1, 2, 3, 4, 34, 43, 45,  }, // Family[5]
       { 11, 24, 25, 32, 39, 42,  }, // Family[6]
       { 14,  }, // Family[7]
       { 5, 7, 16, 28, 30, 31, 33, 38, 41,  }, // Family[8]
       { 13, 22,  }, // Family[9]
       { 6, 10, 27, 40,  }, // Family[10]
       { 17, 35,  }, // Family[11]
   };
   */

   ///////////////////////////////////////////////////////////////////////////////
