< Cell 备己>
================
Cell[1] = { 1, 13, 21, 22,  }
Cell[2] = { 9, 10, 17,  }
Cell[3] = { 2, 5, 11, 19,  }
Cell[4] = { 3, 20,  }
Cell[5] = { 7, 14, 23, 24,  }
Cell[6] = { 4, 16,  }
Cell[7] = { 6, 8, 12, 15, 18,  }


< Family 备己>
================
Family[1] = { 1, 9, 16, 17, 33,  }
Family[2] = { 6, 7, 20, 29, 40,  }
Family[3] = { 10, 13, 14, 22, 35, 36,  }
Family[4] = { 2, 11, 12, 15, 23, 24, 31, 34,  }
Family[5] = { 3, 25, 32,  }
Family[6] = { 8, 19, 21, 28, 37, 38, 39,  }
Family[7] = { 4, 5, 18, 26, 27, 30,  }
 }

***** < CPP file俊 火涝瞪 LINGO solution 内爹 何盒 > *****

   // Data file --> 22_ChandrasekhaRajagopalan(1989)_24x40_(1).cfp

   /*
   int Cell_Solution[][Max_Num_Machines]
   = { { 1, 13, 21, 22,  }, // Cell [1]
       { 9, 10, 17,  }, // Cell[2]
       { 2, 5, 11, 19,  }, // Cell[3]
       { 3, 20,  }, // Cell[4]
       { 7, 14, 23, 24,  }, // Cell[5]
       { 4, 16,  }, // Cell[6]
       { 6, 8, 12, 15, 18,  }, // Cell[7]
   };

   int Family_Solution[][Max_Num_Parts]
   = { { 1, 9, 16, 17, 33,  }, // Family [1]
       { 6, 7, 20, 29, 40,  }, // Family[2]
       { 10, 13, 14, 22, 35, 36,  }, // Family[3]
       { 2, 11, 12, 15, 23, 24, 31, 34,  }, // Family[4]
       { 3, 25, 32,  }, // Family[5]
       { 8, 19, 21, 28, 37, 38, 39,  }, // Family[6]
       { 4, 5, 18, 26, 27, 30,  }, // Family[7]
   };
   */

   ///////////////////////////////////////////////////////////////////////////////
