< Cell 备己>
================
Cell[1] = { 1, 3,  }
Cell[2] = { 7, 14, 23, 24,  }
Cell[3] = { 2, 8, 13, 20,  }
Cell[4] = { 6, 10, 12, 15, 18,  }
Cell[5] = { 11, 17,  }
Cell[6] = { 5, 9, 21, 22,  }
Cell[7] = { 4, 16, 19,  }


< Family 备己>
================
Family[1] = { 1, 2, 5, 11, 12, 15, 16, 17, 20, 21, 23, 24, 26, 28, 31, 33, 34, 37,  }
Family[2] = { 3, 25, 32,  }
Family[3] = { 36,  }
Family[4] = { 4, 35,  }
Family[5] = { 6, 7, 10, 13, 14, 18, 19, 22, 27, 29, 30, 39, 40,  }
Family[6] = { 9,  }
Family[7] = { 8, 38,  }
 }

***** < CPP file俊 火涝瞪 LINGO solution 内爹 何盒 > *****

   // Data file --> 44_NairNarendran(1996)_Figure_1_24x40.cfp

   /*
   int Cell_Solution[][Max_Num_Machines]
   = { { 1, 3,  }, // Cell [1]
       { 7, 14, 23, 24,  }, // Cell[2]
       { 2, 8, 13, 20,  }, // Cell[3]
       { 6, 10, 12, 15, 18,  }, // Cell[4]
       { 11, 17,  }, // Cell[5]
       { 5, 9, 21, 22,  }, // Cell[6]
       { 4, 16, 19,  }, // Cell[7]
   };

   int Family_Solution[][Max_Num_Parts]
   = { { 1, 2, 5, 11, 12, 15, 16, 17, 20, 21, 23, 24, 26, 28, 31, 33, 34, 37,  }, // Family [1]
       { 3, 25, 32,  }, // Family[2]
       { 36,  }, // Family[3]
       { 4, 35,  }, // Family[4]
       { 6, 7, 10, 13, 14, 18, 19, 22, 27, 29, 30, 39, 40,  }, // Family[5]
       { 9,  }, // Family[6]
       { 8, 38,  }, // Family[7]
   };
   */

   ///////////////////////////////////////////////////////////////////////////////
