< Cell 备己>
================
Cell[1] = { 1, 12, 14,  }
Cell[2] = { 3, 11, 13,  }
Cell[3] = { 6, 8,  }
Cell[4] = { 4, 5, 7,  }
Cell[5] = { 2, 9, 10,  }


< Family 备己>
================
Family[1] = { 7, 8, 9,  }
Family[2] = { 5, 18,  }
Family[3] = { 1, 6, 10, 11, 12, 13, 14, 15, 16, 19, 21,  }
Family[4] = { 2, 3, 17, 20, 22, 23,  }
Family[5] = { 4,  }
 }

***** < CPP file俊 火涝瞪 LINGO solution 内爹 何盒 > *****

   // Data file --> 12_Askin(1987)_14x23.cfp

   /*
   int Cell_Solution[][Max_Num_Machines]
   = { { 1, 12, 14,  }, // Cell [1]
       { 3, 11, 13,  }, // Cell[2]
       { 6, 8,  }, // Cell[3]
       { 4, 5, 7,  }, // Cell[4]
       { 2, 9, 10,  }, // Cell[5]
   };

   int Family_Solution[][Max_Num_Parts]
   = { { 7, 8, 9,  }, // Family [1]
       { 5, 18,  }, // Family[2]
       { 1, 6, 10, 11, 12, 13, 14, 15, 16, 19, 21,  }, // Family[3]
       { 2, 3, 17, 20, 22, 23,  }, // Family[4]
       { 4,  }, // Family[5]
   };
   */

   ///////////////////////////////////////////////////////////////////////////////
