< Cell 备己>
================
Cell[1] = { 2, 19,  }
Cell[2] = { 7, 9, 17,  }
Cell[3] = { 4, 20,  }
Cell[4] = { 8, 18,  }
Cell[5] = { 1, 6, 13, 16, 22,  }
Cell[6] = { 5, 10, 12, 14, 23,  }
Cell[7] = { 3, 11, 15, 21, 24,  }


< Family 备己>
================
Family[1] = { 10, 13, 14, 15, 17, 22, 23,  }
Family[2] = { 7, 9, 29,  }
Family[3] = { 1, 2, 6, 8, 11, 12, 18, 19, 20, 21, 24, 28,  }
Family[4] = { 4, 5, 26, 27, 30,  }
Family[5] = { 16,  }
Family[6] = { 25,  }
Family[7] = { 3,  }
 }

***** < CPP file俊 火涝瞪 LINGO solution 内爹 何盒 > *****

   // Data file --> 52_KaoMoon(1991)_24x30.cfp

   /*
   int Cell_Solution[][Max_Num_Machines]
   = { { 2, 19,  }, // Cell [1]
       { 7, 9, 17,  }, // Cell[2]
       { 4, 20,  }, // Cell[3]
       { 8, 18,  }, // Cell[4]
       { 1, 6, 13, 16, 22,  }, // Cell[5]
       { 5, 10, 12, 14, 23,  }, // Cell[6]
       { 3, 11, 15, 21, 24,  }, // Cell[7]
   };

   int Family_Solution[][Max_Num_Parts]
   = { { 10, 13, 14, 15, 17, 22, 23,  }, // Family [1]
       { 7, 9, 29,  }, // Family[2]
       { 1, 2, 6, 8, 11, 12, 18, 19, 20, 21, 24, 28,  }, // Family[3]
       { 4, 5, 26, 27, 30,  }, // Family[4]
       { 16,  }, // Family[5]
       { 25,  }, // Family[6]
       { 3,  }, // Family[7]
   };
   */

   ///////////////////////////////////////////////////////////////////////////////
