< Cell 备己>
================
Cell[1] = { 13, 23,  }
Cell[2] = { 2, 15, 16, 17, 21,  }
Cell[3] = { 3, 9, 20, 24,  }
Cell[4] = { 14, 19,  }
Cell[5] = { 4, 5, 6, 7, 12,  }
Cell[6] = { 8, 10, 18, 22,  }
Cell[7] = { 1, 11,  }


< Family 备己>
================
Family[1] = { 1, 4, 9, 12, 15, 17, 20, 23, 24, 25, 28, 29, 31, 32, 39, 40,  }
Family[2] = { 37,  }
Family[3] = { 3, 34,  }
Family[4] = { 2, 7, 8, 10, 11, 14, 16, 18,  }
Family[5] = { 27,  }
Family[6] = { 26, 30,  }
Family[7] = { 5, 6, 13, 19, 21, 22, 33, 35, 36, 38,  }
 }

***** < CPP file俊 火涝瞪 LINGO solution 内爹 何盒 > *****

   // Data file --> 43_ChandrasekharanRajagopalan(1989)_24x40(4).cfp

   /*
   int Cell_Solution[][Max_Num_Machines]
   = { { 13, 23,  }, // Cell [1]
       { 2, 15, 16, 17, 21,  }, // Cell[2]
       { 3, 9, 20, 24,  }, // Cell[3]
       { 14, 19,  }, // Cell[4]
       { 4, 5, 6, 7, 12,  }, // Cell[5]
       { 8, 10, 18, 22,  }, // Cell[6]
       { 1, 11,  }, // Cell[7]
   };

   int Family_Solution[][Max_Num_Parts]
   = { { 1, 4, 9, 12, 15, 17, 20, 23, 24, 25, 28, 29, 31, 32, 39, 40,  }, // Family [1]
       { 37,  }, // Family[2]
       { 3, 34,  }, // Family[3]
       { 2, 7, 8, 10, 11, 14, 16, 18,  }, // Family[4]
       { 27,  }, // Family[5]
       { 26, 30,  }, // Family[6]
       { 5, 6, 13, 19, 21, 22, 33, 35, 36, 38,  }, // Family[7]
   };
   */

   ///////////////////////////////////////////////////////////////////////////////
