< Cell 备己>
================
Cell[1] = { 2, 5, 8,  }
Cell[2] = { 1, 7, 10,  }
Cell[3] = { 3, 4, 6, 9,  }


< Family 备己>
================
Family[1] = { 3, 5, 8, 13, 15,  }
Family[2] = { 2, 7, 10, 11, 12,  }
Family[3] = { 1, 4, 6, 9, 14,  }
 }

***** < CPP file俊 火涝瞪 LINGO solution 内爹 何盒 > *****

   // Data file --> 11_ChanMilner(1982)_10x15.cfp

   /*
   int Cell_Solution[][Max_Num_Machines]
   = { { 2, 5, 8,  }, // Cell [1]
       { 1, 7, 10,  }, // Cell[2]
       { 3, 4, 6, 9,  }, // Cell[3]
   };

   int Family_Solution[][Max_Num_Parts]
   = { { 3, 5, 8, 13, 15,  }, // Family [1]
       { 2, 7, 10, 11, 12,  }, // Family[2]
       { 1, 4, 6, 9, 14,  }, // Family[3]
   };
   */

   ///////////////////////////////////////////////////////////////////////////////
