< Cell 备己>
================
Cell[1] = { 3, 8,  }
Cell[2] = { 2, 7, 9, 10,  }
Cell[3] = { 1, 4, 5, 6,  }


< Family 备己>
================
Family[1] = { 2, 5, 6, 9,  }
Family[2] = { 3, 4, 8,  }
Family[3] = { 1, 7, 10,  }
 }

***** < CPP file俊 火涝瞪 LINGO solution 内爹 何盒 > *****

   // Data file --> 10_MosierTaube(1985a)_10x10.cfp

   /*
   int Cell_Solution[][Max_Num_Machines]
   = { { 3, 8,  }, // Cell [1]
       { 2, 7, 9, 10,  }, // Cell[2]
       { 1, 4, 5, 6,  }, // Cell[3]
   };

   int Family_Solution[][Max_Num_Parts]
   = { { 2, 5, 6, 9,  }, // Family [1]
       { 3, 4, 8,  }, // Family[2]
       { 1, 7, 10,  }, // Family[3]
   };
   */

   ///////////////////////////////////////////////////////////////////////////////
