< Cell 备己>
================
Cell[1] = { 1, 2, 6, 8, 20, 24,  }
Cell[2] = { 7, 10, 12, 15, 19, 27,  }
Cell[3] = { 5, 9, 11, 13, 14, 17,  }
Cell[4] = { 4, 18, 22, 23, 25, 28,  }
Cell[5] = { 3, 21,  }
Cell[6] = { 16, 26,  }


< Family 备己>
================
Family[1] = { 26,  }
Family[2] = { 19, 35,  }
Family[3] = { 18,  }
Family[4] = { 20, 32,  }
Family[5] = { 1, 3, 4, 6, 8, 9, 10, 14, 16, 17, 21, 23, 24, 27, 30, 33, 34,  }
Family[6] = { 2, 5, 7, 11, 12, 13, 15, 22, 25, 28, 29, 31,  }
 }

***** < CPP file俊 火涝瞪 LINGO solution 内爹 何盒 > *****

   // Data file --> 48_YangYang(2008)_Figure_7_28x35.cfp

   /*
   int Cell_Solution[][Max_Num_Machines]
   = { { 1, 2, 6, 8, 20, 24,  }, // Cell [1]
       { 7, 10, 12, 15, 19, 27,  }, // Cell[2]
       { 5, 9, 11, 13, 14, 17,  }, // Cell[3]
       { 4, 18, 22, 23, 25, 28,  }, // Cell[4]
       { 3, 21,  }, // Cell[5]
       { 16, 26,  }, // Cell[6]
   };

   int Family_Solution[][Max_Num_Parts]
   = { { 26,  }, // Family [1]
       { 19, 35,  }, // Family[2]
       { 18,  }, // Family[3]
       { 20, 32,  }, // Family[4]
       { 1, 3, 4, 6, 8, 9, 10, 14, 16, 17, 21, 23, 24, 27, 30, 33, 34,  }, // Family[5]
       { 2, 5, 7, 11, 12, 13, 15, 22, 25, 28, 29, 31,  }, // Family[6]
   };
   */

   ///////////////////////////////////////////////////////////////////////////////
< Cell 备己>
================
Cell[1] = { 1, 2, 6, 8, 20, 24,  }
Cell[2] = { 7, 10, 12, 15, 19, 27,  }
Cell[3] = { 5, 9, 11, 13, 14, 17,  }
Cell[4] = { 4, 18, 22, 23, 25, 28,  }
Cell[5] = { 3, 21,  }
Cell[6] = { 16, 26,  }


< Family 备己>
================
Family[1] = { 26,  }
Family[2] = { 19, 35,  }
Family[3] = { 18,  }
Family[4] = { 20, 32,  }
Family[5] = { 1, 3, 4, 6, 8, 9, 10, 14, 16, 17, 21, 23, 24, 27, 30, 33, 34,  }
Family[6] = { 2, 5, 7, 11, 12, 13, 15, 22, 25, 28, 29, 31,  }
 }

***** < CPP file俊 火涝瞪 LINGO solution 内爹 何盒 > *****

   // Data file --> 48_YangYang(2008)_Figure_7_28x35.cfp

   /*
   int Cell_Solution[][Max_Num_Machines]
   = { { 1, 2, 6, 8, 20, 24,  }, // Cell [1]
       { 7, 10, 12, 15, 19, 27,  }, // Cell[2]
       { 5, 9, 11, 13, 14, 17,  }, // Cell[3]
       { 4, 18, 22, 23, 25, 28,  }, // Cell[4]
       { 3, 21,  }, // Cell[5]
       { 16, 26,  }, // Cell[6]
   };

   int Family_Solution[][Max_Num_Parts]
   = { { 26,  }, // Family [1]
       { 19, 35,  }, // Family[2]
       { 18,  }, // Family[3]
       { 20, 32,  }, // Family[4]
       { 1, 3, 4, 6, 8, 9, 10, 14, 16, 17, 21, 23, 24, 27, 30, 33, 34,  }, // Family[5]
       { 2, 5, 7, 11, 12, 13, 15, 22, 25, 28, 29, 31,  }, // Family[6]
   };
   */

   ///////////////////////////////////////////////////////////////////////////////
