< Cell 备己>
================
Cell[1] = { 8, 14, 21, 23, 24,  }
Cell[2] = { 5, 9, 12, 19,  }
Cell[3] = { 2, 7, 17,  }
Cell[4] = { 6, 13, 15, 18,  }
Cell[5] = { 3, 4, 10, 16,  }
Cell[6] = { 1, 11,  }
Cell[7] = { 20, 22,  }


< Family 备己>
================
Family[1] = { 3,  }
Family[2] = { 35,  }
Family[3] = { 13,  }
Family[4] = { 26, 27, 30,  }
Family[5] = { 19, 28,  }
Family[6] = { 1, 2, 4, 5, 7, 9, 10, 12, 14, 15, 18, 21, 22, 24, 25, 29, 31, 32, 34, 36, 37, 38, 39, 40,  }
Family[7] = { 6, 8, 11, 16, 17, 20, 23, 33,  }
 }

***** < CPP file俊 火涝瞪 LINGO solution 内爹 何盒 > *****

   // Data file --> 46_NairNarendran(1996)_Figure_3_24x40.cfp

   /*
   int Cell_Solution[][Max_Num_Machines]
   = { { 8, 14, 21, 23, 24,  }, // Cell [1]
       { 5, 9, 12, 19,  }, // Cell[2]
       { 2, 7, 17,  }, // Cell[3]
       { 6, 13, 15, 18,  }, // Cell[4]
       { 3, 4, 10, 16,  }, // Cell[5]
       { 1, 11,  }, // Cell[6]
       { 20, 22,  }, // Cell[7]
   };

   int Family_Solution[][Max_Num_Parts]
   = { { 3,  }, // Family [1]
       { 35,  }, // Family[2]
       { 13,  }, // Family[3]
       { 26, 27, 30,  }, // Family[4]
       { 19, 28,  }, // Family[5]
       { 1, 2, 4, 5, 7, 9, 10, 12, 14, 15, 18, 21, 22, 24, 25, 29, 31, 32, 34, 36, 37, 38, 39, 40,  }, // Family[6]
       { 6, 8, 11, 16, 17, 20, 23, 33,  }, // Family[7]
   };
   */

   ///////////////////////////////////////////////////////////////////////////////
