< Cell 备己>
================
Cell[1] = { 7, 9, 12, 17, 21, 22, 29, 32, 39, 41,  }
Cell[2] = { 3, 15, 19, 20, 25, 26, 33, 43,  }
Cell[3] = { 11, 40,  }
Cell[4] = { 10, 35,  }
Cell[5] = { 8, 13, 14, 23, 24, 27, 28, 30, 42, 45,  }
Cell[6] = { 4, 16, 31, 38, 44,  }
Cell[7] = { 1, 2, 5, 6, 18, 34, 36, 37, 46,  }


< Family 备己>
================
Family[1] = { 99,  }
Family[2] = { 67, 100,  }
Family[3] = { 1, 3, 4, 5, 7, 8, 9, 12, 13, 16, 19, 31, 39, 41, 42, 45, 46, 48, 49, 51, 53, 54, 70, 72, 74, 78, 85, 92, 93, 96, 97, 104, 105,  }
Family[4] = { 2, 6, 10, 14, 15, 18, 20, 21, 22, 23, 24, 25, 27, 28, 29, 30, 32, 33, 34, 35, 36, 37, 38, 40, 43, 44, 47, 50, 52, 55, 56, 57, 58, 60, 62, 64, 65, 66, 68, 69, 71, 73, 75, 76, 77, 79, 80, 81, 82, 83, 84, 86, 87, 88, 89, 90, 95, 98, 101, 102,  }
Family[5] = { 26,  }
Family[6] = { 11, 17, 59, 61, 63, 94,  }
Family[7] = { 91, 103,  }
 }

***** < CPP file俊 火涝瞪 LINGO solution 内爹 何盒 > *****

   // Data file --> 49_YangYang(2008)_46x105.cfp

   /*
   int Cell_Solution[][Max_Num_Machines]
   = { { 7, 9, 12, 17, 21, 22, 29, 32, 39, 41,  }, // Cell [1]
       { 3, 15, 19, 20, 25, 26, 33, 43,  }, // Cell[2]
       { 11, 40,  }, // Cell[3]
       { 10, 35,  }, // Cell[4]
       { 8, 13, 14, 23, 24, 27, 28, 30, 42, 45,  }, // Cell[5]
       { 4, 16, 31, 38, 44,  }, // Cell[6]
       { 1, 2, 5, 6, 18, 34, 36, 37, 46,  }, // Cell[7]
   };

   int Family_Solution[][Max_Num_Parts]
   = { { 99,  }, // Family [1]
       { 67, 100,  }, // Family[2]
       { 1, 3, 4, 5, 7, 8, 9, 12, 13, 16, 19, 31, 39, 41, 42, 45, 46, 48, 49, 51, 53, 54, 70, 72, 74, 78, 85, 92, 93, 96, 97, 104, 105,  }, // Family[3]
       { 2, 6, 10, 14, 15, 18, 20, 21, 22, 23, 24, 25, 27, 28, 29, 30, 32, 33, 34, 35, 36, 37, 38, 40, 43, 44, 47, 50, 52, 55, 56, 57, 58, 60, 62, 64, 65, 66, 68, 69, 71, 73, 75, 76, 77, 79, 80, 81, 82, 83, 84, 86, 87, 88, 89, 90, 95, 98, 101, 102,  }, // Family[4]
       { 26,  }, // Family[5]
       { 11, 17, 59, 61, 63, 94,  }, // Family[6]
       { 91, 103,  }, // Family[7]
   };
   */

   ///////////////////////////////////////////////////////////////////////////////
