< Cell 备己>
================
Cell[1] = { 3, 7,  }
Cell[2] = { 4, 10,  }
Cell[3] = { 21, 28, 29, 30,  }
Cell[4] = { 19, 20,  }
Cell[5] = { 13, 17,  }
Cell[6] = { 9, 24, 26, 27,  }
Cell[7] = { 14, 15,  }
Cell[8] = { 6, 25,  }
Cell[9] = { 1, 16,  }
Cell[10] = { 2, 11, 18, 23,  }
Cell[11] = { 5, 22,  }
Cell[12] = { 8, 12,  }


< Family 备己>
================
Family[1] = { 12, 13, 15, 23, 27, 31, 34, 39,  }
Family[2] = { 2, 7, 21, 35,  }
Family[3] = { 11,  }
Family[4] = { 1, 3,  }
Family[5] = { 16, 38, 40,  }
Family[6] = { 36,  }
Family[7] = { 17, 18, 25, 26, 37,  }
Family[8] = { 4,  }
Family[9] = { 6, 10, 22, 28,  }
Family[10] = { 33,  }
Family[11] = { 5, 29, 32, 41,  }
Family[12] = { 8, 9, 14, 19, 20, 24, 30,  }
 }

***** < CPP file俊 火涝瞪 LINGO solution 内爹 何盒 > *****

   // Data file --> 30_KumarVannelli(1987)_30x41.cfp

   /*
   int Cell_Solution[][Max_Num_Machines]
   = { { 3, 7,  }, // Cell [1]
       { 4, 10,  }, // Cell[2]
       { 21, 28, 29, 30,  }, // Cell[3]
       { 19, 20,  }, // Cell[4]
       { 13, 17,  }, // Cell[5]
       { 9, 24, 26, 27,  }, // Cell[6]
       { 14, 15,  }, // Cell[7]
       { 6, 25,  }, // Cell[8]
       { 1, 16,  }, // Cell[9]
       { 2, 11, 18, 23,  }, // Cell[10]
       { 5, 22,  }, // Cell[11]
       { 8, 12,  }, // Cell[12]
   };

   int Family_Solution[][Max_Num_Parts]
   = { { 12, 13, 15, 23, 27, 31, 34, 39,  }, // Family [1]
       { 2, 7, 21, 35,  }, // Family[2]
       { 11,  }, // Family[3]
       { 1, 3,  }, // Family[4]
       { 16, 38, 40,  }, // Family[5]
       { 36,  }, // Family[6]
       { 17, 18, 25, 26, 37,  }, // Family[7]
       { 4,  }, // Family[8]
       { 6, 10, 22, 28,  }, // Family[9]
       { 33,  }, // Family[10]
       { 5, 29, 32, 41,  }, // Family[11]
       { 8, 9, 14, 19, 20, 24, 30,  }, // Family[12]
   };
   */

   ///////////////////////////////////////////////////////////////////////////////
