< Cell 备己>
================
Cell[1] = { 9, 14,  }
Cell[2] = { 2, 5,  }
Cell[3] = { 6, 7, 15, 18, 21,  }
Cell[4] = { 1, 13, 22,  }
Cell[5] = { 8, 17,  }
Cell[6] = { 11, 16, 20, 23, 24,  }
Cell[7] = { 3, 4, 10, 12, 19,  }


< Family 备己>
================
Family[1] = { 4, 20, 22, 25, 28, 34,  }
Family[2] = { 10, 13, 14, 15, 27, 35, 36,  }
Family[3] = { 18,  }
Family[4] = { 1, 2, 6, 7, 9, 12, 16, 17, 19, 23, 33, 39,  }
Family[5] = { 3, 5, 8, 11, 21, 26, 29, 30, 31, 37, 38, 40,  }
Family[6] = { 32,  }
Family[7] = { 24,  }
 }

***** < CPP file俊 火涝瞪 LINGO solution 内爹 何盒 > *****

   // Data file --> 24_ChandrasekhaRajagopalan(1989)_24x40_(3).cfp

   /*
   int Cell_Solution[][Max_Num_Machines]
   = { { 9, 14,  }, // Cell [1]
       { 2, 5,  }, // Cell[2]
       { 6, 7, 15, 18, 21,  }, // Cell[3]
       { 1, 13, 22,  }, // Cell[4]
       { 8, 17,  }, // Cell[5]
       { 11, 16, 20, 23, 24,  }, // Cell[6]
       { 3, 4, 10, 12, 19,  }, // Cell[7]
   };

   int Family_Solution[][Max_Num_Parts]
   = { { 4, 20, 22, 25, 28, 34,  }, // Family [1]
       { 10, 13, 14, 15, 27, 35, 36,  }, // Family[2]
       { 18,  }, // Family[3]
       { 1, 2, 6, 7, 9, 12, 16, 17, 19, 23, 33, 39,  }, // Family[4]
       { 3, 5, 8, 11, 21, 26, 29, 30, 31, 37, 38, 40,  }, // Family[5]
       { 32,  }, // Family[6]
       { 24,  }, // Family[7]
   };
   */

   ///////////////////////////////////////////////////////////////////////////////
