< Cell 备己>
================
Cell[1] = { 11, 12,  }
Cell[2] = { 3, 4,  }
Cell[3] = { 2, 5, 13, 15,  }
Cell[4] = { 6, 16,  }
Cell[5] = { 1, 8,  }
Cell[6] = { 7, 9, 10, 14,  }


< Family 备己>
================
Family[1] = { 4, 9, 11, 14, 20,  }
Family[2] = { 16, 19,  }
Family[3] = { 5,  }
Family[4] = { 2, 12, 13, 17, 18, 21,  }
Family[5] = { 1, 3, 6, 7, 8, 10, 15, 22, 23,  }
Family[6] = { 24,  }
 }

***** < CPP file俊 火涝瞪 LINGO solution 内爹 何盒 > *****

   // Data file --> 14_McCormick(1972)_16x24.cfp

   /*
   int Cell_Solution[][Max_Num_Machines]
   = { { 11, 12,  }, // Cell [1]
       { 3, 4,  }, // Cell[2]
       { 2, 5, 13, 15,  }, // Cell[3]
       { 6, 16,  }, // Cell[4]
       { 1, 8,  }, // Cell[5]
       { 7, 9, 10, 14,  }, // Cell[6]
   };

   int Family_Solution[][Max_Num_Parts]
   = { { 4, 9, 11, 14, 20,  }, // Family [1]
       { 16, 19,  }, // Family[2]
       { 5,  }, // Family[3]
       { 2, 12, 13, 17, 18, 21,  }, // Family[4]
       { 1, 3, 6, 7, 8, 10, 15, 22, 23,  }, // Family[5]
       { 24,  }, // Family[6]
   };
   */

   ///////////////////////////////////////////////////////////////////////////////
