< Cell 备己>
================
Cell[1] = { 3, 4, 6,  }
Cell[2] = { 1, 2, 5,  }


< Family 备己>
================
Family[1] = { 4, 7,  }
Family[2] = { 1, 2, 3, 5, 6, 8,  }
 }

***** < CPP file俊 火涝瞪 LINGO solution 内爹 何盒 > *****

   // Data file --> 4_Kusiak(1992)_6x8.cfp

   /*
   int Cell_Solution[][Max_Num_Machines]
   = { { 3, 4, 6,  }, // Cell [1]
       { 1, 2, 5,  }, // Cell[2]
   };

   int Family_Solution[][Max_Num_Parts]
   = { { 4, 7,  }, // Family [1]
       { 1, 2, 3, 5, 6, 8,  }, // Family[2]
   };
   */

   ///////////////////////////////////////////////////////////////////////////////
