< Cell 备己>
================
Cell[1] = { 3, 4, 16, 18, 20,  }
Cell[2] = { 8, 11, 12, 13, 19,  }
Cell[3] = { 6, 7, 9, 10, 14,  }
Cell[4] = { 1, 2, 5, 15, 17,  }


< Family 备己>
================
Family[1] = { 3, 4, 16, 17, 20,  }
Family[2] = { 11, 13, 14, 18, 19,  }
Family[3] = { 2, 5, 6, 7, 8, 9, 10, 12, 15,  }
Family[4] = { 1,  }
 }

***** < CPP file俊 火涝瞪 LINGO solution 内爹 何盒 > *****

   // Data file --> 39_ShaferRogers(1993)_Figure_2_20x20.cfp

   /*
   int Cell_Solution[][Max_Num_Machines]
   = { { 3, 4, 16, 18, 20,  }, // Cell [1]
       { 8, 11, 12, 13, 19,  }, // Cell[2]
       { 6, 7, 9, 10, 14,  }, // Cell[3]
       { 1, 2, 5, 15, 17,  }, // Cell[4]
   };

   int Family_Solution[][Max_Num_Parts]
   = { { 3, 4, 16, 17, 20,  }, // Family [1]
       { 11, 13, 14, 18, 19,  }, // Family[2]
       { 2, 5, 6, 7, 8, 9, 10, 12, 15,  }, // Family[3]
       { 1,  }, // Family[4]
   };
   */

   ///////////////////////////////////////////////////////////////////////////////
