< Cell 备己>
================
Cell[1] = { 15, 19,  }
Cell[2] = { 10, 23,  }
Cell[3] = { 2, 14,  }
Cell[4] = { 6, 18, 22,  }
Cell[5] = { 5, 20,  }
Cell[6] = { 7, 17, 21, 24,  }
Cell[7] = { 9, 13,  }
Cell[8] = { 1, 4,  }
Cell[9] = { 8, 12,  }
Cell[10] = { 3, 11, 16,  }


< Family 备己>
================
Family[1] = { 13, 21, 27, 31, 35, 37,  }
Family[2] = { 6, 26, 32,  }
Family[3] = { 14, 16, 33,  }
Family[4] = { 30,  }
Family[5] = { 2, 7, 10, 11, 15, 22, 25, 34,  }
Family[6] = { 3,  }
Family[7] = { 1, 12, 17, 29,  }
Family[8] = { 8, 9, 19, 28, 38,  }
Family[9] = { 4, 5, 18, 20, 24, 36, 39, 40,  }
Family[10] = { 23,  }
 }

***** < CPP file俊 火涝瞪 LINGO solution 内爹 何盒 > *****

   // Data file --> 25_ChandrasekhaRajagopalan(1989)_24x40_(5).cfp

   /*
   int Cell_Solution[][Max_Num_Machines]
   = { { 15, 19,  }, // Cell [1]
       { 10, 23,  }, // Cell[2]
       { 2, 14,  }, // Cell[3]
       { 6, 18, 22,  }, // Cell[4]
       { 5, 20,  }, // Cell[5]
       { 7, 17, 21, 24,  }, // Cell[6]
       { 9, 13,  }, // Cell[7]
       { 1, 4,  }, // Cell[8]
       { 8, 12,  }, // Cell[9]
       { 3, 11, 16,  }, // Cell[10]
   };

   int Family_Solution[][Max_Num_Parts]
   = { { 13, 21, 27, 31, 35, 37,  }, // Family [1]
       { 6, 26, 32,  }, // Family[2]
       { 14, 16, 33,  }, // Family[3]
       { 30,  }, // Family[4]
       { 2, 7, 10, 11, 15, 22, 25, 34,  }, // Family[5]
       { 3,  }, // Family[6]
       { 1, 12, 17, 29,  }, // Family[7]
       { 8, 9, 19, 28, 38,  }, // Family[8]
       { 4, 5, 18, 20, 24, 36, 39, 40,  }, // Family[9]
       { 23,  }, // Family[10]
   };
   */

   ///////////////////////////////////////////////////////////////////////////////
