< Cell 备己>
================
Cell[1] = { 8, 17,  }
Cell[2] = { 2, 3, 4, 7, 18,  }
Cell[3] = { 1, 9, 10, 14, 16,  }
Cell[4] = { 5, 6,  }
Cell[5] = { 12, 13,  }
Cell[6] = { 11, 15,  }


< Family 备己>
================
Family[1] = { 1, 4,  }
Family[2] = { 11,  }
Family[3] = { 13,  }
Family[4] = { 2, 3, 5, 8, 9, 10, 12, 15, 16, 17, 23, 24,  }
Family[5] = { 14, 19, 20, 22,  }
Family[6] = { 6, 7, 18, 21,  }
 }

***** < CPP file俊 火涝瞪 LINGO solution 内爹 何盒 > *****

   // Data file --> 17_Carrie(1973)_18x24.cfp

   /*
   int Cell_Solution[][Max_Num_Machines]
   = { { 8, 17,  }, // Cell [1]
       { 2, 3, 4, 7, 18,  }, // Cell[2]
       { 1, 9, 10, 14, 16,  }, // Cell[3]
       { 5, 6,  }, // Cell[4]
       { 12, 13,  }, // Cell[5]
       { 11, 15,  }, // Cell[6]
   };

   int Family_Solution[][Max_Num_Parts]
   = { { 1, 4,  }, // Family [1]
       { 11,  }, // Family[2]
       { 13,  }, // Family[3]
       { 2, 3, 5, 8, 9, 10, 12, 15, 16, 17, 23, 24,  }, // Family[4]
       { 14, 19, 20, 22,  }, // Family[5]
       { 6, 7, 18, 21,  }, // Family[6]
   };
   */

   ///////////////////////////////////////////////////////////////////////////////
