< Cell 备己>
================
Cell[1] = { 2, 3, 5,  }
Cell[2] = { 1, 4,  }


< Family 备己>
================
Family[1] = { 4, 7, 9, 10, 15, 18,  }
Family[2] = { 1, 2, 3, 5, 6, 8, 11, 12, 13, 14, 16, 17,  }
 }

***** < CPP file俊 火涝瞪 LINGO solution 内爹 何盒 > *****

   // Data file --> 3_Seifoddini(1989)_5x18.cfp

   /*
   int Cell_Solution[][Max_Num_Machines]
   = { { 2, 3, 5,  }, // Cell [1]
       { 1, 4,  }, // Cell[2]
   };

   int Family_Solution[][Max_Num_Parts]
   = { { 4, 7, 9, 10, 15, 18,  }, // Family [1]
       { 1, 2, 3, 5, 6, 8, 11, 12, 13, 14, 16, 17,  }, // Family[2]
   };
   */

   ///////////////////////////////////////////////////////////////////////////////
