< Cell 备己>
================
Cell[1] = { 14, 18,  }
Cell[2] = { 19, 20,  }
Cell[3] = { 3, 10, 16, 23, 25,  }
Cell[4] = { 13, 27,  }
Cell[5] = { 7, 8, 15,  }
Cell[6] = { 6, 30,  }
Cell[7] = { 11, 29,  }
Cell[8] = { 22, 26, 28,  }
Cell[9] = { 12, 21,  }
Cell[10] = { 1, 2, 4, 9,  }
Cell[11] = { 5, 17, 24,  }


< Family 备己>
================
Family[1] = { 20, 31, 32, 43,  }
Family[2] = { 1, 5, 6, 7, 12, 21, 26, 27, 29, 30, 33, 44, 46, 47, 50,  }
Family[3] = { 34,  }
Family[4] = { 3, 4, 11, 13, 15, 40,  }
Family[5] = { 10,  }
Family[6] = { 2, 16, 22, 23, 38, 39, 48,  }
Family[7] = { 9, 17, 24, 25, 36, 41, 49,  }
Family[8] = { 18,  }
Family[9] = { 14, 19, 35, 37, 42, 45,  }
Family[10] = { 8,  }
Family[11] = { 28,  }
 }

***** < CPP file俊 火涝瞪 LINGO solution 内爹 何盒 > *****

   // Data file --> 32_Stanfel(1985)_30x50_(2).cfp

   /*
   int Cell_Solution[][Max_Num_Machines]
   = { { 14, 18,  }, // Cell [1]
       { 19, 20,  }, // Cell[2]
       { 3, 10, 16, 23, 25,  }, // Cell[3]
       { 13, 27,  }, // Cell[4]
       { 7, 8, 15,  }, // Cell[5]
       { 6, 30,  }, // Cell[6]
       { 11, 29,  }, // Cell[7]
       { 22, 26, 28,  }, // Cell[8]
       { 12, 21,  }, // Cell[9]
       { 1, 2, 4, 9,  }, // Cell[10]
       { 5, 17, 24,  }, // Cell[11]
   };

   int Family_Solution[][Max_Num_Parts]
   = { { 20, 31, 32, 43,  }, // Family [1]
       { 1, 5, 6, 7, 12, 21, 26, 27, 29, 30, 33, 44, 46, 47, 50,  }, // Family[2]
       { 34,  }, // Family[3]
       { 3, 4, 11, 13, 15, 40,  }, // Family[4]
       { 10,  }, // Family[5]
       { 2, 16, 22, 23, 38, 39, 48,  }, // Family[6]
       { 9, 17, 24, 25, 36, 41, 49,  }, // Family[7]
       { 18,  }, // Family[8]
       { 14, 19, 35, 37, 42, 45,  }, // Family[9]
       { 8,  }, // Family[10]
       { 28,  }, // Family[11]
   };
   */

   ///////////////////////////////////////////////////////////////////////////////
