< Cell 备己>
================
Cell[1] = { 2, 7,  }
Cell[2] = { 5, 27,  }
Cell[3] = { 11, 18,  }
Cell[4] = { 19, 30,  }
Cell[5] = { 3, 4, 15, 22,  }
Cell[6] = { 12, 17,  }
Cell[7] = { 14, 20,  }
Cell[8] = { 10, 25,  }
Cell[9] = { 1, 6, 13, 16, 23, 26,  }
Cell[10] = { 9, 21,  }
Cell[11] = { 8, 24, 28, 29,  }


< Family 备己>
================
Family[1] = { 3, 6, 18, 28, 44, 47, 50, 53, 57, 58, 60, 87, 88,  }
Family[2] = { 8, 11, 15, 24, 25, 27, 56, 63, 73, 83,  }
Family[3] = { 21, 26, 33, 46, 62,  }
Family[4] = { 5, 14, 17, 20, 22, 49, 59, 80, 81,  }
Family[5] = { 4,  }
Family[6] = { 9, 32, 34, 36, 45, 52, 54, 78, 89,  }
Family[7] = { 2, 19, 35, 38, 41, 55, 61, 71, 72, 74, 84, 85, 86, 90,  }
Family[8] = { 12, 13, 23, 29, 39, 42, 51, 64, 65, 68, 70, 75, 76, 82,  }
Family[9] = { 1,  }
Family[10] = { 7, 10, 16, 30, 31, 37, 40, 43, 66, 67, 69, 77, 79,  }
Family[11] = { 48,  }
 }

***** < CPP file俊 火涝瞪 LINGO solution 内爹 何盒 > *****

   // Data file --> 33_KingNarkornchai(1982)_30x90.cfp

   /*
   int Cell_Solution[][Max_Num_Machines]
   = { { 2, 7,  }, // Cell [1]
       { 5, 27,  }, // Cell[2]
       { 11, 18,  }, // Cell[3]
       { 19, 30,  }, // Cell[4]
       { 3, 4, 15, 22,  }, // Cell[5]
       { 12, 17,  }, // Cell[6]
       { 14, 20,  }, // Cell[7]
       { 10, 25,  }, // Cell[8]
       { 1, 6, 13, 16, 23, 26,  }, // Cell[9]
       { 9, 21,  }, // Cell[10]
       { 8, 24, 28, 29,  }, // Cell[11]
   };

   int Family_Solution[][Max_Num_Parts]
   = { { 3, 6, 18, 28, 44, 47, 50, 53, 57, 58, 60, 87, 88,  }, // Family [1]
       { 8, 11, 15, 24, 25, 27, 56, 63, 73, 83,  }, // Family[2]
       { 21, 26, 33, 46, 62,  }, // Family[3]
       { 5, 14, 17, 20, 22, 49, 59, 80, 81,  }, // Family[4]
       { 4,  }, // Family[5]
       { 9, 32, 34, 36, 45, 52, 54, 78, 89,  }, // Family[6]
       { 2, 19, 35, 38, 41, 55, 61, 71, 72, 74, 84, 85, 86, 90,  }, // Family[7]
       { 12, 13, 23, 29, 39, 42, 51, 64, 65, 68, 70, 75, 76, 82,  }, // Family[8]
       { 1,  }, // Family[9]
       { 7, 10, 16, 30, 31, 37, 40, 43, 66, 67, 69, 77, 79,  }, // Family[10]
       { 48,  }, // Family[11]
   };
   */

   ///////////////////////////////////////////////////////////////////////////////
