< Cell 备己>
================
Cell[1] = { 12, 13,  }
Cell[2] = { 2, 3, 10, 11,  }
Cell[3] = { 6, 8,  }
Cell[4] = { 1, 9, 14,  }
Cell[5] = { 4, 5, 7,  }


< Family 备己>
================
Family[1] = { 4, 5, 6, 7, 8, 18, 19, 21, 23, 24,  }
Family[2] = { 3,  }
Family[3] = { 9, 10, 11, 12, 14, 15, 16, 22,  }
Family[4] = { 13,  }
Family[5] = { 1, 2, 17, 20,  }
 }

***** < CPP file俊 火涝瞪 LINGO solution 内爹 何盒 > *****

   // Data file --> 13_Stanfel(1985)_14x24.cfp

   /*
   int Cell_Solution[][Max_Num_Machines]
   = { { 12, 13,  }, // Cell [1]
       { 2, 3, 10, 11,  }, // Cell[2]
       { 6, 8,  }, // Cell[3]
       { 1, 9, 14,  }, // Cell[4]
       { 4, 5, 7,  }, // Cell[5]
   };

   int Family_Solution[][Max_Num_Parts]
   = { { 4, 5, 6, 7, 8, 18, 19, 21, 23, 24,  }, // Family [1]
       { 3,  }, // Family[2]
       { 9, 10, 11, 12, 14, 15, 16, 22,  }, // Family[3]
       { 13,  }, // Family[4]
       { 1, 2, 17, 20,  }, // Family[5]
   };
   */

   ///////////////////////////////////////////////////////////////////////////////
