< Cell 备己>
================
Cell[1] = { 1, 3, 4, 8, 16,  }
Cell[2] = { 5, 6, 9, 10, 20,  }
Cell[3] = { 2, 14, 18,  }
Cell[4] = { 12, 17,  }
Cell[5] = { 7, 11, 13, 15, 19,  }


< Family 备己>
================
Family[1] = { 1, 15, 25,  }
Family[2] = { 8, 14, 19, 22, 26,  }
Family[3] = { 2, 7, 10, 12, 13, 18, 24, 27, 31,  }
Family[4] = { 3, 4, 5, 6, 9, 11, 16, 17, 21, 23, 29, 30, 32, 33, 34, 35,  }
Family[5] = { 20, 28,  }
 }

***** < CPP file俊 火涝瞪 LINGO solution 内爹 何盒 > *****

   // Data file --> 20_Carrie(1973)_20x35.cfp

   /*
   int Cell_Solution[][Max_Num_Machines]
   = { { 1, 3, 4, 8, 16,  }, // Cell [1]
       { 5, 6, 9, 10, 20,  }, // Cell[2]
       { 2, 14, 18,  }, // Cell[3]
       { 12, 17,  }, // Cell[4]
       { 7, 11, 13, 15, 19,  }, // Cell[5]
   };

   int Family_Solution[][Max_Num_Parts]
   = { { 1, 15, 25,  }, // Family [1]
       { 8, 14, 19, 22, 26,  }, // Family[2]
       { 2, 7, 10, 12, 13, 18, 24, 27, 31,  }, // Family[3]
       { 3, 4, 5, 6, 9, 11, 16, 17, 21, 23, 29, 30, 32, 33, 34, 35,  }, // Family[4]
       { 20, 28,  }, // Family[5]
   };
   */

   ///////////////////////////////////////////////////////////////////////////////
