< Cell 备己>
================
Cell[1] = { 1, 2,  }
Cell[2] = { 33, 34,  }
Cell[3] = { 3, 4, 5, 6, 7, 8, 9, 10, 11,  }
Cell[4] = { 12, 13, 14, 15, 16, 17, 18, 19, 20, 21, 22, 23, 24,  }
Cell[5] = { 25, 26, 27, 28, 29, 30, 31, 32, 35, 36, 37,  }
Cell[6] = { 38, 39, 40, 41, 42, 43, 44, 45, 46, 47, 48, 49, 50,  }


< Family 备己>
================
Family[1] = { 59,  }
Family[2] = { 1, 2, 3, 4, 5, 6, 7, 8, 9, 10, 11, 12, 16, 17, 18, 19, 20, 21, 22, 23, 24, 25, 26, 27, 28, 29, 30, 31, 32, 33, 34, 35, 36, 37, 38, 39, 40, 41, 42, 43, 44, 45, 46, 47, 48, 49, 50, 51, 52, 53, 54, 55, 56, 57, 58, 60, 61, 62, 63, 64, 65, 66, 67, 68, 69, 70, 71, 72, 73, 74, 75, 76, 77, 78, 79, 80, 81, 82, 83, 85, 86, 87, 88, 89, 90, 91, 92, 93, 94, 95, 96, 97, 98, 99, 100, 101, 102, 103, 104, 105, 106, 107, 108, 109, 110, 111, 112, 113, 114, 115, 116, 117, 118, 119, 120, 121, 122, 123, 124, 125, 126, 127, 128, 129, 130, 131, 132, 133, 134, 135, 136, 137, 138, 139, 140, 141, 142, 143, 144, 145, 146, 147, 148, 149, 150,  }
Family[3] = { 15,  }
Family[4] = { 14,  }
Family[5] = { 13,  }
Family[6] = { 84,  }
 }

***** < CPP file俊 火涝瞪 LINGO solution 内爹 何盒 > *****

   // Data file --> 42_ZolfaghariLiang(1997)_50x150.cfp

   /*
   int Cell_Solution[][Max_Num_Machines]
   = { { 1, 2,  }, // Cell [1]
       { 33, 34,  }, // Cell[2]
       { 3, 4, 5, 6, 7, 8, 9, 10, 11,  }, // Cell[3]
       { 12, 13, 14, 15, 16, 17, 18, 19, 20, 21, 22, 23, 24,  }, // Cell[4]
       { 25, 26, 27, 28, 29, 30, 31, 32, 35, 36, 37,  }, // Cell[5]
       { 38, 39, 40, 41, 42, 43, 44, 45, 46, 47, 48, 49, 50,  }, // Cell[6]
   };

   int Family_Solution[][Max_Num_Parts]
   = { { 59,  }, // Family [1]
       { 1, 2, 3, 4, 5, 6, 7, 8, 9, 10, 11, 12, 16, 17, 18, 19, 20, 21, 22, 23, 24, 25, 26, 27, 28, 29, 30, 31, 32, 33, 34, 35, 36, 37, 38, 39, 40, 41, 42, 43, 44, 45, 46, 47, 48, 49, 50, 51, 52, 53, 54, 55, 56, 57, 58, 60, 61, 62, 63, 64, 65, 66, 67, 68, 69, 70, 71, 72, 73, 74, 75, 76, 77, 78, 79, 80, 81, 82, 83, 85, 86, 87, 88, 89, 90, 91, 92, 93, 94, 95, 96, 97, 98, 99, 100, 101, 102, 103, 104, 105, 106, 107, 108, 109, 110, 111, 112, 113, 114, 115, 116, 117, 118, 119, 120, 121, 122, 123, 124, 125, 126, 127, 128, 129, 130, 131, 132, 133, 134, 135, 136, 137, 138, 139, 140, 141, 142, 143, 144, 145, 146, 147, 148, 149, 150,  }, // Family[2]
       { 15,  }, // Family[3]
       { 14,  }, // Family[4]
       { 13,  }, // Family[5]
       { 84,  }, // Family[6]
   };
   */

   ///////////////////////////////////////////////////////////////////////////////
